<?xml version="1.0" encoding="UTF-8"?>
<TestRun id="f171fadf-7d67-48cb-83a5-582720a8a0a5" name="fredrikhm@FHOLMSTROM7 2010-01-12 17:26:18" runUser="CPBEUROPE\fredrikhm" xmlns="http://microsoft.com/schemas/VisualStudio/TeamTest/2010">
  <TestSettings name="Local" id="e143c614-bf96-487b-be05-25a9732c4ebf">
    <Description>These are default test settings for a local test run.</Description>
    <Deployment enabled="false" runDeploymentRoot="fredrikhm_FHOLMSTROM7 2010-01-12 17_26_18" />
    <Execution>
      <TestTypeSpecific />
      <AgentRule name="Execution Agents">
      </AgentRule>
    </Execution>
  </TestSettings>
  <Times creation="2010-01-12T17:26:18.4377592+01:00" queuing="2010-01-12T17:26:23.8457592+01:00" start="2010-01-12T17:26:23.9867592+01:00" finish="2010-01-12T17:26:25.0797592+01:00" />
  <ResultSummary outcome="Completed">
    <Counters total="1" executed="1" passed="1" error="0" failed="0" timeout="0" aborted="0" inconclusive="0" passedButRunAborted="0" notRunnable="0" notExecuted="0" disconnected="0" warning="0" completed="0" inProgress="0" pending="0" />
  </ResultSummary>
  <TestDefinitions>
    <UnitTest name="TestMethod1" storage="c:\users\fredrikhm.cpbeurope\projects - personal\ironjs-git\ironjs.tests\bin\debug\ironjs.tests.dll" id="98f43776-cdcc-48c1-9ced-d7160b668309">
      <Execution id="f9d8f7c4-06b8-4080-807b-c97ecc661550" />
      <TestMethod codeBase="C:/Users/fredrikhm.CPBEUROPE/Projects - Personal/IronJS-git/IronJS.Tests/bin/Debug/IronJS.Tests.DLL" adapterTypeName="Microsoft.VisualStudio.TestTools.TestTypes.Unit.UnitTestAdapter, Microsoft.VisualStudio.QualityTools.Tips.UnitTest.Adapter, Version=10.0.0.0, Culture=neutral, PublicKeyToken=b03f5f7f11d50a3a" className="IronJS.Tests.UnitTest1, IronJS.Tests, Version=1.0.0.0, Culture=neutral, PublicKeyToken=null" name="TestMethod1" />
    </UnitTest>
  </TestDefinitions>
  <TestLists>
    <TestList name="Results Not in a List" id="8c84fa94-04c1-424b-9868-57a2d4851a1d" />
    <TestList name="All Loaded Results" id="19431567-8539-422a-85d7-44ee4e166bda" />
  </TestLists>
  <TestEntries>
    <TestEntry testId="98f43776-cdcc-48c1-9ced-d7160b668309" executionId="f9d8f7c4-06b8-4080-807b-c97ecc661550" testListId="8c84fa94-04c1-424b-9868-57a2d4851a1d" />
  </TestEntries>
  <Results>
    <UnitTestResult executionId="f9d8f7c4-06b8-4080-807b-c97ecc661550" testId="98f43776-cdcc-48c1-9ced-d7160b668309" testName="TestMethod1" computerName="FHOLMSTROM7" duration="00:00:00.0217100" startTime="2010-01-12T17:26:24.3067592+01:00" endTime="2010-01-12T17:26:25.0367592+01:00" testType="13cdc9d9-ddb5-4fa4-a97d-d965ccfc6d4b" outcome="Passed" testListId="8c84fa94-04c1-424b-9868-57a2d4851a1d" relativeResultsDirectory="f9d8f7c4-06b8-4080-807b-c97ecc661550">
    </UnitTestResult>
  </Results>
</TestRun>