<?xml version="1.0" encoding="UTF-8"?>
<TestRun id="7761aae9-a7d8-49a3-8e3c-6de9e136463e" name="Fredrik@GAMER 2011-03-10 18:29:52" runUser="Gamer\Fredrik" xmlns="http://microsoft.com/schemas/VisualStudio/TeamTest/2010">
  <TestSettings name="Local" id="7930b77e-25ff-465e-8288-0e8e8af9662a">
    <Description>These are default test settings for a local test run.</Description>
    <Deployment enabled="false" runDeploymentRoot="Fredrik_GAMER 2011-03-10 18_29_52">
      <DeploymentItem filename="E:\Projects\IronJS\Src\FSKit\Src\bin\Debug\FSKit.dll" />
      <DeploymentItem filename="E:\Projects\IronJS\Src\IronJS\bin\Debug\IronJS.dll" />
    </Deployment>
    <Execution>
      <TestTypeSpecific />
      <AgentRule name="Execution Agents">
      </AgentRule>
    </Execution>
  </TestSettings>
  <Times creation="2011-03-10T18:29:52.6944492+01:00" queuing="2011-03-10T18:29:53.6745053+01:00" start="2011-03-10T18:29:53.8205136+01:00" finish="2011-03-10T18:29:59.7698539+01:00" />
  <ResultSummary outcome="Completed">
    <Counters total="2" executed="2" passed="2" error="0" failed="0" timeout="0" aborted="0" inconclusive="0" passedButRunAborted="0" notRunnable="0" notExecuted="0" disconnected="0" warning="0" completed="0" inProgress="0" pending="0" />
  </ResultSummary>
  <TestDefinitions>
    <UnitTest name="TestMethod2" storage="e:\projects\ironjs\src\tests\bin\debug\tests.dll" id="7b4430ee-5d6d-3361-da01-6363277e932b">
      <Execution id="818b054a-debc-4144-8388-ad3ca3726db7" />
      <TestMethod codeBase="E:/Projects/IronJS/Src/Tests/bin/Debug/Tests.DLL" adapterTypeName="Microsoft.VisualStudio.TestTools.TestTypes.Unit.UnitTestAdapter, Microsoft.VisualStudio.QualityTools.Tips.UnitTest.Adapter, Version=10.0.0.0, Culture=neutral, PublicKeyToken=b03f5f7f11d50a3a" className="Tests.MozillaECMA3, Tests, Version=1.0.0.0, Culture=neutral, PublicKeyToken=null" name="TestMethod2" />
    </UnitTest>
    <UnitTest name="TestMethod1" storage="e:\projects\ironjs\src\tests\bin\debug\tests.dll" id="5ef744d1-ffa4-989b-e424-c92879ebfadf">
      <Execution id="b77eafa8-80d7-48bb-b9af-6a93ce91f3bd" />
      <TestMethod codeBase="E:/Projects/IronJS/Src/Tests/bin/Debug/Tests.DLL" adapterTypeName="Microsoft.VisualStudio.TestTools.TestTypes.Unit.UnitTestAdapter, Microsoft.VisualStudio.QualityTools.Tips.UnitTest.Adapter, Version=10.0.0.0, Culture=neutral, PublicKeyToken=b03f5f7f11d50a3a" className="Tests.MozillaECMA3, Tests, Version=1.0.0.0, Culture=neutral, PublicKeyToken=null" name="TestMethod1" />
    </UnitTest>
  </TestDefinitions>
  <TestLists>
    <TestList name="Results Not in a List" id="8c84fa94-04c1-424b-9868-57a2d4851a1d" />
    <TestList name="All Loaded Results" id="19431567-8539-422a-85d7-44ee4e166bda" />
  </TestLists>
  <TestEntries>
    <TestEntry testId="5ef744d1-ffa4-989b-e424-c92879ebfadf" executionId="b77eafa8-80d7-48bb-b9af-6a93ce91f3bd" testListId="8c84fa94-04c1-424b-9868-57a2d4851a1d" />
    <TestEntry testId="7b4430ee-5d6d-3361-da01-6363277e932b" executionId="818b054a-debc-4144-8388-ad3ca3726db7" testListId="8c84fa94-04c1-424b-9868-57a2d4851a1d" />
  </TestEntries>
  <Results>
    <UnitTestResult executionId="b77eafa8-80d7-48bb-b9af-6a93ce91f3bd" testId="5ef744d1-ffa4-989b-e424-c92879ebfadf" testName="TestMethod1" computerName="GAMER" duration="00:00:02.2385194" startTime="2011-03-10T18:29:53.9535212+01:00" endTime="2011-03-10T18:29:57.4517213+01:00" testType="13cdc9d9-ddb5-4fa4-a97d-d965ccfc6d4b" outcome="Passed" testListId="8c84fa94-04c1-424b-9868-57a2d4851a1d" relativeResultsDirectory="b77eafa8-80d7-48bb-b9af-6a93ce91f3bd">
    </UnitTestResult>
    <UnitTestResult executionId="818b054a-debc-4144-8388-ad3ca3726db7" testId="7b4430ee-5d6d-3361-da01-6363277e932b" testName="TestMethod2" computerName="GAMER" duration="00:00:02.0592523" startTime="2011-03-10T18:29:57.4557215+01:00" endTime="2011-03-10T18:29:59.5598419+01:00" testType="13cdc9d9-ddb5-4fa4-a97d-d965ccfc6d4b" outcome="Passed" testListId="8c84fa94-04c1-424b-9868-57a2d4851a1d" relativeResultsDirectory="818b054a-debc-4144-8388-ad3ca3726db7">
    </UnitTestResult>
  </Results>
</TestRun>